D:\BITEST_OTDR双端测试数据分析\DEBUG\SOR.DLL
D:\Bitest_OTDR双端测试数据分析\Debug\SOR.exp
D:\BITEST_OTDR双端测试数据分析\DEBUG\SOR.ILK
D:\Bitest_OTDR双端测试数据分析\Debug\SOR.lib
D:\BITEST_OTDR双端测试数据分析\DEBUG\SOR.PDB
D:\Bitest_OTDR双端测试数据分析\SORPC_grandway\SOR\Debug\cl.command.1.tlog
D:\Bitest_OTDR双端测试数据分析\SORPC_grandway\SOR\Debug\CL.read.1.tlog
D:\Bitest_OTDR双端测试数据分析\SORPC_grandway\SOR\Debug\CL.write.1.tlog
D:\Bitest_OTDR双端测试数据分析\SORPC_grandway\SOR\Debug\link.8156.read.1.tlog
D:\Bitest_OTDR双端测试数据分析\SORPC_grandway\SOR\Debug\link.8156.write.1.tlog
D:\Bitest_OTDR双端测试数据分析\SORPC_grandway\SOR\Debug\link.8156-cvtres.read.1.tlog
D:\Bitest_OTDR双端测试数据分析\SORPC_grandway\SOR\Debug\link.8156-cvtres.write.1.tlog
D:\Bitest_OTDR双端测试数据分析\SORPC_grandway\SOR\Debug\link.command.1.tlog
D:\Bitest_OTDR双端测试数据分析\SORPC_grandway\SOR\Debug\link.read.1.tlog
D:\Bitest_OTDR双端测试数据分析\SORPC_grandway\SOR\Debug\link.write.1.tlog
D:\Bitest_OTDR双端测试数据分析\SORPC_grandway\SOR\Debug\link-cvtres.read.1.tlog
D:\Bitest_OTDR双端测试数据分析\SORPC_grandway\SOR\Debug\link-cvtres.write.1.tlog
D:\Bitest_OTDR双端测试数据分析\SORPC_grandway\SOR\Debug\mt.command.1.tlog
D:\Bitest_OTDR双端测试数据分析\SORPC_grandway\SOR\Debug\mt.read.1.tlog
D:\Bitest_OTDR双端测试数据分析\SORPC_grandway\SOR\Debug\mt.write.1.tlog
D:\Bitest_OTDR双端测试数据分析\SORPC_grandway\SOR\Debug\rc.command.1.tlog
D:\Bitest_OTDR双端测试数据分析\SORPC_grandway\SOR\Debug\rc.read.1.tlog
D:\Bitest_OTDR双端测试数据分析\SORPC_grandway\SOR\Debug\rc.write.1.tlog
D:\BITEST_OTDR双端测试数据分析\SORPC_GRANDWAY\SOR\DEBUG\SOR.DLL.EMBED.MANIFEST
D:\BITEST_OTDR双端测试数据分析\SORPC_GRANDWAY\SOR\DEBUG\SOR.DLL.EMBED.MANIFEST.RES
D:\BITEST_OTDR双端测试数据分析\SORPC_GRANDWAY\SOR\DEBUG\SOR.DLL.INTERMEDIATE.MANIFEST
D:\BITEST_OTDR双端测试数据分析\SORPC_GRANDWAY\SOR\DEBUG\SOR.OBJ
D:\BITEST_OTDR双端测试数据分析\SORPC_GRANDWAY\SOR\DEBUG\SOR.PCH
D:\BITEST_OTDR双端测试数据分析\SORPC_GRANDWAY\SOR\DEBUG\SOR.RES
D:\Bitest_OTDR双端测试数据分析\SORPC_grandway\SOR\Debug\SOR.write.1.tlog
D:\Bitest_OTDR双端测试数据分析\SORPC_grandway\SOR\Debug\SOR_manifest.rc
D:\BITEST_OTDR双端测试数据分析\SORPC_GRANDWAY\SOR\DEBUG\SORASSIST.OBJ
D:\BITEST_OTDR双端测试数据分析\SORPC_GRANDWAY\SOR\DEBUG\SORFILE.OBJ
D:\BITEST_OTDR双端测试数据分析\SORPC_GRANDWAY\SOR\DEBUG\SORFILEBASE.OBJ
D:\BITEST_OTDR双端测试数据分析\SORPC_GRANDWAY\SOR\DEBUG\STDAFX.OBJ
D:\Bitest_OTDR双端测试数据分析\SORPC_grandway\SOR\Debug\vc100.idb
D:\BITEST_OTDR双端测试数据分析\SORPC_GRANDWAY\SOR\DEBUG\VC100.PDB
