生成启动时间为 2016/4/11 16:12:00。
     1>项目“D:\Bitest_OTDR双端测试数据分析\SORPC_grandway\SOR\SOR.vcxproj”在节点 2 上(rebuild 个目标)。
     1>_PrepareForClean:
         正在删除文件“Debug\SOR.lastbuildstate”。
       InitializeBuildStatus:
         正在创建“Debug\SOR.unsuccessfulbuild”，因为已指定“AlwaysCreate”。
       ClCompile:
         C:\Program Files (x86)\Microsoft Visual Studio 10.0\VC\bin\CL.exe /c /ZI /nologo /W3 /WX- /Od /Oy- /D WIN32 /D _WINDOWS /D _DEBUG /D _USRDLL /D _WINDLL /D _UNICODE /D UNICODE /D _AFXDLL /Gm /EHsc /RTC1 /MDd /GS /fp:precise /Zc:wchar_t /Zc:forScope /Yc"StdAfx.h" /Fp"Debug\SOR.pch" /Fo"Debug\\" /Fd"Debug\vc100.pdb" /Gd /TP /analyze- /errorReport:prompt stdafx.cpp
         stdafx.cpp
         C:\Program Files (x86)\Microsoft Visual Studio 10.0\VC\bin\CL.exe /c /ZI /nologo /W3 /WX- /Od /Oy- /D WIN32 /D _WINDOWS /D _DEBUG /D _USRDLL /D _WINDLL /D _UNICODE /D UNICODE /D _AFXDLL /Gm /EHsc /RTC1 /MDd /GS /fp:precise /Zc:wchar_t /Zc:forScope /Yu"StdAfx.h" /Fp"Debug\SOR.pch" /Fo"Debug\\" /Fd"Debug\vc100.pdb" /Gd /TP /analyze- /errorReport:prompt SOR.cpp SorAssist.cpp SorFile.cpp SorFileBase.cpp
         SorFileBase.cpp
     1>d:\bitest_otdr双端测试数据分析\sorpc_grandway\sor\sorfilebase.cpp(1): warning C4603: “_AFXEXT”: 未定义宏或在预编译头使用后定义发生改变
                 将宏添加到预编译头中，而不是在此处定义
                 d:\bitest_otdr双端测试数据分析\sorpc_grandway\sor\sorfilebase.cpp(2) : 使用预编译头
     1>d:\bitest_otdr双端测试数据分析\sorpc_grandway\sor\sorfilebase.cpp(213): warning C4018: “<”: 有符号/无符号不匹配
     1>d:\bitest_otdr双端测试数据分析\sorpc_grandway\sor\sorfilebase.cpp(1001): warning C4101: “factor”: 未引用的局部变量
     1>d:\bitest_otdr双端测试数据分析\sorpc_grandway\sor\sorfilebase.cpp(1295): warning C4018: “<”: 有符号/无符号不匹配
     1>d:\bitest_otdr双端测试数据分析\sorpc_grandway\sor\sorfilebase.cpp(1337): warning C4018: “<”: 有符号/无符号不匹配
     1>d:\bitest_otdr双端测试数据分析\sorpc_grandway\sor\sorfilebase.cpp(1339): warning C4018: “<”: 有符号/无符号不匹配
     1>d:\bitest_otdr双端测试数据分析\sorpc_grandway\sor\sorfilebase.cpp(1457): warning C4018: “<”: 有符号/无符号不匹配
     1>d:\bitest_otdr双端测试数据分析\sorpc_grandway\sor\sorfilebase.cpp(1493): warning C4018: “<”: 有符号/无符号不匹配
     1>d:\bitest_otdr双端测试数据分析\sorpc_grandway\sor\sorfilebase.cpp(1519): warning C4018: “<”: 有符号/无符号不匹配
     1>d:\bitest_otdr双端测试数据分析\sorpc_grandway\sor\sorfilebase.cpp(1533): warning C4018: “<”: 有符号/无符号不匹配
     1>d:\bitest_otdr双端测试数据分析\sorpc_grandway\sor\sorfilebase.cpp(1559): warning C4101: “sValue”: 未引用的局部变量
     1>d:\bitest_otdr双端测试数据分析\sorpc_grandway\sor\sorfilebase.cpp(1558): warning C4101: “num”: 未引用的局部变量
     1>d:\bitest_otdr双端测试数据分析\sorpc_grandway\sor\sorfilebase.cpp(1661): warning C4244: “初始化”: 从“ULONGLONG”转换到“int”，可能丢失数据
     1>d:\bitest_otdr双端测试数据分析\sorpc_grandway\sor\sorfilebase.cpp(1713): warning C4018: “<”: 有符号/无符号不匹配
     1>d:\bitest_otdr双端测试数据分析\sorpc_grandway\sor\sorfilebase.cpp(1724): warning C4305: “初始化”: 从“double”到“float”截断
     1>d:\bitest_otdr双端测试数据分析\sorpc_grandway\sor\sorfilebase.cpp(1725): warning C4244: “初始化”: 从“double”转换到“float”，可能丢失数据
     1>d:\bitest_otdr双端测试数据分析\sorpc_grandway\sor\sorfilebase.cpp(1730): warning C4244: “=”: 从“double”转换到“float”，可能丢失数据
     1>d:\bitest_otdr双端测试数据分析\sorpc_grandway\sor\sorfilebase.cpp(1732): warning C4244: “=”: 从“double”转换到“float”，可能丢失数据
     1>d:\bitest_otdr双端测试数据分析\sorpc_grandway\sor\sorfilebase.cpp(1752): warning C4244: “=”: 从“double”转换到“float”，可能丢失数据
     1>d:\bitest_otdr双端测试数据分析\sorpc_grandway\sor\sorfilebase.cpp(1776): warning C4244: “=”: 从“double”转换到“float”，可能丢失数据
     1>d:\bitest_otdr双端测试数据分析\sorpc_grandway\sor\sorfilebase.cpp(1777): warning C4244: “=”: 从“double”转换到“float”，可能丢失数据
     1>d:\bitest_otdr双端测试数据分析\sorpc_grandway\sor\sorfilebase.cpp(1778): warning C4244: “=”: 从“double”转换到“float”，可能丢失数据
     1>d:\bitest_otdr双端测试数据分析\sorpc_grandway\sor\sorfilebase.cpp(1779): warning C4244: “=”: 从“double”转换到“float”，可能丢失数据
     1>d:\bitest_otdr双端测试数据分析\sorpc_grandway\sor\sorfilebase.cpp(1803): warning C4018: “<”: 有符号/无符号不匹配
     1>d:\bitest_otdr双端测试数据分析\sorpc_grandway\sor\sorfilebase.cpp(1852): warning C4018: “<”: 有符号/无符号不匹配
     1>d:\bitest_otdr双端测试数据分析\sorpc_grandway\sor\sorfilebase.cpp(1863): warning C4244: “=”: 从“float”转换到“INT”，可能丢失数据
     1>d:\bitest_otdr双端测试数据分析\sorpc_grandway\sor\sorfilebase.cpp(1867): warning C4244: “=”: 从“time_t”转换到“UINT”，可能丢失数据
     1>d:\bitest_otdr双端测试数据分析\sorpc_grandway\sor\sorfilebase.cpp(1868): warning C4244: “=”: 从“long”转换到“short”，可能丢失数据
     1>d:\bitest_otdr双端测试数据分析\sorpc_grandway\sor\sorfilebase.cpp(1869): warning C4244: “=”: 从“long”转换到“short”，可能丢失数据
     1>d:\bitest_otdr双端测试数据分析\sorpc_grandway\sor\sorfilebase.cpp(1874): warning C4244: “=”: 从“float”转换到“int”，可能丢失数据
     1>d:\bitest_otdr双端测试数据分析\sorpc_grandway\sor\sorfilebase.cpp(1878): warning C4244: “=”: 从“long”转换到“short”，可能丢失数据
     1>d:\bitest_otdr双端测试数据分析\sorpc_grandway\sor\sorfilebase.cpp(1912): warning C4244: “=”: 从“float”转换到“short”，可能丢失数据
     1>d:\bitest_otdr双端测试数据分析\sorpc_grandway\sor\sorfilebase.cpp(1913): warning C4244: “=”: 从“float”转换到“unsigned short”，可能丢失数据
     1>d:\bitest_otdr双端测试数据分析\sorpc_grandway\sor\sorfilebase.cpp(1914): warning C4244: “=”: 从“float”转换到“unsigned short”，可能丢失数据
     1>d:\bitest_otdr双端测试数据分析\sorpc_grandway\sor\sorfilebase.cpp(1915): warning C4244: “=”: 从“float”转换到“unsigned short”，可能丢失数据
         SorFile.cpp
         SorAssist.cpp
     1>d:\bitest_otdr双端测试数据分析\sorpc_grandway\sor\sorassist.cpp(28): warning C4018: “<”: 有符号/无符号不匹配
     1>d:\bitest_otdr双端测试数据分析\sorpc_grandway\sor\sorassist.cpp(58): warning C4244: “初始化”: 从“double”转换到“float”，可能丢失数据
     1>d:\bitest_otdr双端测试数据分析\sorpc_grandway\sor\sorassist.cpp(75): warning C4244: “=”: 从“float”转换到“unsigned int”，可能丢失数据
     1>d:\bitest_otdr双端测试数据分析\sorpc_grandway\sor\sorassist.cpp(88): warning C4244: “=”: 从“double”转换到“float”，可能丢失数据
     1>d:\bitest_otdr双端测试数据分析\sorpc_grandway\sor\sorassist.cpp(89): warning C4244: “=”: 从“double”转换到“float”，可能丢失数据
     1>d:\bitest_otdr双端测试数据分析\sorpc_grandway\sor\sorassist.cpp(90): warning C4244: “=”: 从“double”转换到“float”，可能丢失数据
     1>d:\bitest_otdr双端测试数据分析\sorpc_grandway\sor\sorassist.cpp(147): warning C4244: “=”: 从“float”转换到“INT”，可能丢失数据
     1>d:\bitest_otdr双端测试数据分析\sorpc_grandway\sor\sorassist.cpp(148): warning C4244: “=”: 从“float”转换到“short”，可能丢失数据
     1>d:\bitest_otdr双端测试数据分析\sorpc_grandway\sor\sorassist.cpp(149): warning C4244: “=”: 从“float”转换到“short”，可能丢失数据
     1>d:\bitest_otdr双端测试数据分析\sorpc_grandway\sor\sorassist.cpp(150): warning C4244: “=”: 从“float”转换到“INT”，可能丢失数据
     1>d:\bitest_otdr双端测试数据分析\sorpc_grandway\sor\sorassist.cpp(165): warning C4244: “=”: 从“float”转换到“long”，可能丢失数据
         SOR.cpp
         正在生成代码...
       ResourceCompile:
         C:\Program Files (x86)\Microsoft SDKs\Windows\v7.0A\bin\rc.exe /D _DEBUG /D _UNICODE /D UNICODE /D _AFXDLL /l"0x0804" /IDebug\ /nologo /fo"Debug\SOR.res" SOR.rc 
       ManifestResourceCompile:
         C:\Program Files (x86)\Microsoft SDKs\Windows\v7.0A\bin\rc.exe /nologo /fo"Debug\SOR.dll.embed.manifest.res" Debug\SOR_manifest.rc 
       Link:
         C:\Program Files (x86)\Microsoft Visual Studio 10.0\VC\bin\link.exe /ERRORREPORT:PROMPT /OUT:"D:\Bitest_OTDR双端测试数据分析\Debug\SOR.dll" /INCREMENTAL /NOLOGO /DEF:".\SOR.def" /MANIFEST /ManifestFile:"Debug\SOR.dll.intermediate.manifest" /MANIFESTUAC:"level='asInvoker' uiAccess='false'" /DEBUG /PDB:"D:\Bitest_OTDR双端测试数据分析\Debug\SOR.pdb" /SUBSYSTEM:WINDOWS /TLBID:1 /DYNAMICBASE /NXCOMPAT /IMPLIB:"D:\Bitest_OTDR双端测试数据分析\Debug\SOR.lib" /MACHINE:X86 /DLL Debug\SOR.res
         Debug\SOR.dll.embed.manifest.res
         Debug\SOR.obj
         Debug\SorAssist.obj
         Debug\SorFile.obj
         Debug\SorFileBase.obj
         Debug\stdafx.obj
            正在创建库 D:\Bitest_OTDR双端测试数据分析\Debug\SOR.lib 和对象 D:\Bitest_OTDR双端测试数据分析\Debug\SOR.exp
       Manifest:
         正在删除文件“Debug\SOR.dll.embed.manifest”。
         C:\Program Files (x86)\Microsoft SDKs\Windows\v7.0A\bin\mt.exe /nologo /verbose /out:"Debug\SOR.dll.embed.manifest" /manifest Debug\SOR.dll.intermediate.manifest "C:\Program Files (x86)\Microsoft Visual Studio 10.0\VC\Include\Manifest\dpiaware.manifest"
         C:\Program Files (x86)\Microsoft SDKs\Windows\v7.0A\bin\rc.exe /nologo /fo"Debug\SOR.dll.embed.manifest.res" Debug\SOR_manifest.rc 
       LinkEmbedManifest:
         C:\Program Files (x86)\Microsoft Visual Studio 10.0\VC\bin\link.exe /ERRORREPORT:PROMPT /OUT:"D:\Bitest_OTDR双端测试数据分析\Debug\SOR.dll" /INCREMENTAL /NOLOGO /DEF:".\SOR.def" /MANIFEST /ManifestFile:"Debug\SOR.dll.intermediate.manifest" /MANIFESTUAC:"level='asInvoker' uiAccess='false'" /DEBUG /PDB:"D:\Bitest_OTDR双端测试数据分析\Debug\SOR.pdb" /SUBSYSTEM:WINDOWS /TLBID:1 /DYNAMICBASE /NXCOMPAT /IMPLIB:"D:\Bitest_OTDR双端测试数据分析\Debug\SOR.lib" /MACHINE:X86 /DLL Debug\SOR.res
         Debug\SOR.dll.embed.manifest.res
         Debug\SOR.obj
         Debug\SorAssist.obj
         Debug\SorFile.obj
         Debug\SorFileBase.obj
         Debug\stdafx.obj
            正在创建库 D:\Bitest_OTDR双端测试数据分析\Debug\SOR.lib 和对象 D:\Bitest_OTDR双端测试数据分析\Debug\SOR.exp
         SOR.vcxproj -> D:\Bitest_OTDR双端测试数据分析\Debug\SOR.dll
       FinalizeBuildStatus:
         正在删除文件“Debug\SOR.unsuccessfulbuild”。
         正在对“Debug\SOR.lastbuildstate”执行 Touch 任务。
     1>已完成生成项目“D:\Bitest_OTDR双端测试数据分析\SORPC_grandway\SOR\SOR.vcxproj”(rebuild 个目标)的操作。

生成成功。

已用时间 00:00:04.47
